<?xml version="1.0" encoding="UTF-8"?>
<testng-results skipped="0" failed="0" total="1" passed="1">
  <reporter-output>
  </reporter-output>
  <suite name="Default suite" duration-ms="12570" started-at="2022-11-18T17:34:11Z" finished-at="2022-11-18T17:34:23Z">
    <groups>
    </groups>
    <test name="Default test" duration-ms="12570" started-at="2022-11-18T17:34:11Z" finished-at="2022-11-18T17:34:23Z">
      <class name="com.Log4jExmple.Logintest">
        <test-method status="PASS" signature="setup()[pri:0, instance:com.Log4jExmple.Logintest@4563e9ab]" name="setup" duration-ms="12035" started-at="2022-11-18T23:04:11Z" finished-at="2022-11-18T23:04:23Z">
          <reporter-output>
          </reporter-output>
        </test-method> <!-- setup -->
        <test-method status="PASS" signature="RediffClose()[pri:0, instance:com.Log4jExmple.Logintest@4563e9ab]" name="RediffClose" is-config="true" duration-ms="490" started-at="2022-11-18T23:04:23Z" finished-at="2022-11-18T23:04:23Z">
          <reporter-output>
          </reporter-output>
        </test-method> <!-- RediffClose -->
      </class> <!-- com.Log4jExmple.Logintest -->
    </test> <!-- Default test -->
  </suite> <!-- Default suite -->
</testng-results>
