<?xml version="1.0" encoding="UTF-8"?>
<testng-results skipped="0" failed="0" total="1" passed="1">
  <reporter-output>
  </reporter-output>
  <suite name="Default suite" duration-ms="8681" started-at="2022-11-18T18:17:21Z" finished-at="2022-11-18T18:17:29Z">
    <groups>
    </groups>
    <test name="Default test" duration-ms="8681" started-at="2022-11-18T18:17:21Z" finished-at="2022-11-18T18:17:29Z">
      <class name="com.OrangeHRMTest.FacebookApplication_Test">
        <test-method status="PASS" signature="FacebookLogin_Test()[pri:0, instance:com.OrangeHRMTest.FacebookApplication_Test@483bf400]" name="FacebookLogin_Test" duration-ms="8622" started-at="2022-11-18T23:47:21Z" finished-at="2022-11-18T23:47:29Z">
          <reporter-output>
          </reporter-output>
        </test-method> <!-- FacebookLogin_Test -->
      </class> <!-- com.OrangeHRMTest.FacebookApplication_Test -->
    </test> <!-- Default test -->
  </suite> <!-- Default suite -->
</testng-results>
